d:\project\3dengineopengl\debug\vc143.pdb
d:\project\3dengineopengl\debug\vc143.idb
d:\project\3dengineopengl\debug\entity.obj
d:\project\3dengineopengl\debug\font.obj
d:\project\3dengineopengl\debug\frustum.obj
d:\project\3dengineopengl\debug\hirestimer.obj
d:\project\3dengineopengl\debug\inputsystem.obj
d:\project\3dengineopengl\debug\joystick.obj
d:\project\3dengineopengl\debug\keyboard.obj
d:\project\3dengineopengl\debug\md2.obj
d:\project\3dengineopengl\debug\mouse.obj
d:\project\3dengineopengl\debug\nivel.obj
d:\project\3dengineopengl\debug\object.obj
d:\project\3dengineopengl\debug\oglwindow.obj
d:\project\3dengineopengl\debug\q3loader.obj
d:\project\3dengineopengl\debug\simpengine.obj
d:\project\3dengineopengl\debug\terrain.obj
d:\project\3dengineopengl\debug\texture.obj
d:\project\3dengineopengl\debug\tree.obj
d:\project\3dengineopengl\debug\vector.obj
d:\project\3dengineopengl\debug\winmain.obj
d:\project\3dengineopengl\debug\world.obj
d:\project\3dengineopengl\debug\audio.obj
d:\project\3dengineopengl\debug\audiosystem.obj
d:\project\3dengineopengl\debug\bezier.obj
d:\project\3dengineopengl\debug\camera.obj
d:\project\3dengineopengl\debug\engine.obj
d:\project\3dengineopengl\debug\3dengineopengl.ilk
d:\project\3dengineopengl\debug\3dengineopengl.exe
d:\project\3dengineopengl\debug\3dengineopengl.pdb
d:\project\3dengineopengl\debug\3dengineopengl.tlog\cl.command.1.tlog
d:\project\3dengineopengl\debug\3dengineopengl.tlog\cl.read.1.tlog
d:\project\3dengineopengl\debug\3dengineopengl.tlog\cl.write.1.tlog
d:\project\3dengineopengl\debug\3dengineopengl.tlog\link.command.1.tlog
d:\project\3dengineopengl\debug\3dengineopengl.tlog\link.read.1.tlog
d:\project\3dengineopengl\debug\3dengineopengl.tlog\link.write.1.tlog
